# JRE version: Java(TM) SE Runtime Environment (7.0_51-b13) (build 1.7.0_51-b13)
# Java VM: Java HotSpot(TM) Client VM (24.51-b03 mixed mode windows-x86 )
Heap
 def new generation   total 4928K, used 849K [0x03410000, 0x03960000, 0x08960000)
  eden space 4416K,  18% used [0x03410000, 0x034dc4e8, 0x03860000)
  from space 512K,   6% used [0x038e0000, 0x038e8020, 0x03960000)
  to   space 512K,   0% used [0x03860000, 0x03860000, 0x038e0000)
 tenured generation   total 10944K, used 3920K [0x08960000, 0x09410000, 0x13410000)
   the space 10944K,  35% used [0x08960000, 0x08d34158, 0x08d34200, 0x09410000)
 compacting perm gen  total 12288K, used 10459K [0x13410000, 0x14010000, 0x17410000)
   the space 12288K,  85% used [0x13410000, 0x13e46ea8, 0x13e47000, 0x14010000)
GC Heap History (10 events):
Event: 203.566 GC heap before
{Heap before GC invocations=6 (full 0):
 def new generation   total 4928K, used 4703K [0x03410000, 0x03960000, 0x08960000)
  eden space 4416K, 100% used [0x03410000, 0x03860000, 0x03860000)
  from space 512K,  56% used [0x03860000, 0x038a7fb0, 0x038e0000)
  to   space 512K,   0% used [0x038e0000, 0x038e0000, 0x03960000)
 tenured generation   total 10944K, used 3747K [0x08960000, 0x09410000, 0x13410000)
   the space 10944K,  34% used [0x08960000, 0x08d08c90, 0x08d08e00, 0x09410000)
 compacting perm gen  total 12288K, used 10403K [0x13410000, 0x14010000, 0x17410000)
   the space 12288K,  84% used [0x13410000, 0x13e38cd8, 0x13e38e00, 0x14010000)
No shared spaces configured.
Event: 203.568 GC heap after
Heap after GC invocations=7 (full 0):
 def new generation   total 4928K, used 11K [0x03410000, 0x03960000, 0x08960000)
  eden space 4416K,   0% used [0x03410000, 0x03410000, 0x03860000)
  from space 512K,   2% used [0x038e0000, 0x038e2cf8, 0x03960000)
  to   space 512K,   0% used [0x03860000, 0x03860000, 0x038e0000)
 tenured generation   total 10944K, used 3920K [0x08960000, 0x09410000, 0x13410000)
   the space 10944K,  35% used [0x08960000, 0x08d34158, 0x08d34200, 0x09410000)
 compacting perm gen  total 12288K, used 10403K [0x13410000, 0x14010000, 0x17410000)
   the space 12288K,  84% used [0x13410000, 0x13e38cd8, 0x13e38e00, 0x14010000)
No shared spaces configured.
}
Event: 264.044 GC heap before
{Heap before GC invocations=7 (full 0):
 def new generation   total 4928K, used 4427K [0x03410000, 0x03960000, 0x08960000)
  eden space 4416K, 100% used [0x03410000, 0x03860000, 0x03860000)
  from space 512K,   2% used [0x038e0000, 0x038e2cf8, 0x03960000)
  to   space 512K,   0% used [0x03860000, 0x03860000, 0x038e0000)
 tenured generation   total 10944K, used 3920K [0x08960000, 0x09410000, 0x13410000)
   the space 10944K,  35% used [0x08960000, 0x08d34158, 0x08d34200, 0x09410000)
 compacting perm gen  total 12288K, used 10416K [0x13410000, 0x14010000, 0x17410000)
   the space 12288K,  84% used [0x13410000, 0x13e3c0e8, 0x13e3c200, 0x14010000)
No shared spaces configured.
Event: 264.046 GC heap after
Heap after GC invocations=8 (full 0):
 def new generation   total 4928K, used 33K [0x03410000, 0x03960000, 0x08960000)
  eden space 4416K,   0% used [0x03410000, 0x03410000, 0x03860000)
  from space 512K,   6% used [0x03860000, 0x03868680, 0x038e0000)
  to   space 512K,   0% used [0x038e0000, 0x038e0000, 0x03960000)
 tenured generation   total 10944K, used 3920K [0x08960000, 0x09410000, 0x13410000)
   the space 10944K,  35% used [0x08960000, 0x08d34158, 0x08d34200, 0x09410000)
 compacting perm gen  total 12288K, used 10416K [0x13410000, 0x14010000, 0x17410000)
   the space 12288K,  84% used [0x13410000, 0x13e3c0e8, 0x13e3c200, 0x14010000)
No shared spaces configured.
}
Event: 327.821 GC heap before
{Heap before GC invocations=8 (full 0):
 def new generation   total 4928K, used 4449K [0x03410000, 0x03960000, 0x08960000)
  eden space 4416K, 100% used [0x03410000, 0x03860000, 0x03860000)
  from space 512K,   6% used [0x03860000, 0x03868680, 0x038e0000)
  to   space 512K,   0% used [0x038e0000, 0x038e0000, 0x03960000)
 tenured generation   total 10944K, used 3920K [0x08960000, 0x09410000, 0x13410000)
   the space 10944K,  35% used [0x08960000, 0x08d34158, 0x08d34200, 0x09410000)
 compacting perm gen  total 12288K, used 10448K [0x13410000, 0x14010000, 0x17410000)
   the space 12288K,  85% used [0x13410000, 0x13e441c0, 0x13e44200, 0x14010000)
No shared spaces configured.
Event: 327.823 GC heap after
Heap after GC invocations=9 (full 0):
 def new generation   total 4928K, used 34K [0x03410000, 0x03960000, 0x08960000)
  eden space 4416K,   0% used [0x03410000, 0x03410000, 0x03860000)
  from space 512K,   6% used [0x038e0000, 0x038e8b78, 0x03960000)
  to   space 512K,   0% used [0x03860000, 0x03860000, 0x038e0000)
 tenured generation   total 10944K, used 3920K [0x08960000, 0x09410000, 0x13410000)
   the space 10944K,  35% used [0x08960000, 0x08d34158, 0x08d34200, 0x09410000)
 compacting perm gen  total 12288K, used 10448K [0x13410000, 0x14010000, 0x17410000)
   the space 12288K,  85% used [0x13410000, 0x13e441c0, 0x13e44200, 0x14010000)
No shared spaces configured.
}
Event: 346.124 GC heap before
{Heap before GC invocations=9 (full 0):
 def new generation   total 4928K, used 4450K [0x03410000, 0x03960000, 0x08960000)
  eden space 4416K, 100% used [0x03410000, 0x03860000, 0x03860000)
  from space 512K,   6% used [0x038e0000, 0x038e8b78, 0x03960000)
  to   space 512K,   0% used [0x03860000, 0x03860000, 0x038e0000)
 tenured generation   total 10944K, used 3920K [0x08960000, 0x09410000, 0x13410000)
   the space 10944K,  35% used [0x08960000, 0x08d34158, 0x08d34200, 0x09410000)
 compacting perm gen  total 12288K, used 10449K [0x13410000, 0x14010000, 0x17410000)
   the space 12288K,  85% used [0x13410000, 0x13e44590, 0x13e44600, 0x14010000)
No shared spaces configured.
Event: 346.126 GC heap after
Heap after GC invocations=10 (full 0):
 def new generation   total 4928K, used 25K [0x03410000, 0x03960000, 0x08960000)
  eden space 4416K,   0% used [0x03410000, 0x03410000, 0x03860000)
  from space 512K,   5% used [0x03860000, 0x038667e0, 0x038e0000)
  to   space 512K,   0% used [0x038e0000, 0x038e0000, 0x03960000)
 tenured generation   total 10944K, used 3920K [0x08960000, 0x09410000, 0x13410000)
   the space 10944K,  35% used [0x08960000, 0x08d34158, 0x08d34200, 0x09410000)
 compacting perm gen  total 12288K, used 10449K [0x13410000, 0x14010000, 0x17410000)
   the space 12288K,  85% used [0x13410000, 0x13e44590, 0x13e44600, 0x14010000)
No shared spaces configured.
}
Event: 401.614 GC heap before
{Heap before GC invocations=10 (full 0):
 def new generation   total 4928K, used 4441K [0x03410000, 0x03960000, 0x08960000)
  eden space 4416K, 100% used [0x03410000, 0x03860000, 0x03860000)
  from space 512K,   5% used [0x03860000, 0x038667e0, 0x038e0000)
  to   space 512K,   0% used [0x038e0000, 0x038e0000, 0x03960000)
 tenured generation   total 10944K, used 3920K [0x08960000, 0x09410000, 0x13410000)
   the space 10944K,  35% used [0x08960000, 0x08d34158, 0x08d34200, 0x09410000)
 compacting perm gen  total 12288K, used 10449K [0x13410000, 0x14010000, 0x17410000)
   the space 12288K,  85% used [0x13410000, 0x13e445d0, 0x13e44600, 0x14010000)
No shared spaces configured.
Event: 401.615 GC heap after
Heap after GC invocations=11 (full 0):
 def new generation   total 4928K, used 32K [0x03410000, 0x03960000, 0x08960000)
  eden space 4416K,   0% used [0x03410000, 0x03410000, 0x03860000)
  from space 512K,   6% used [0x038e0000, 0x038e8020, 0x03960000)
  to   space 512K,   0% used [0x03860000, 0x03860000, 0x038e0000)
 tenured generation   total 10944K, used 3920K [0x08960000, 0x09410000, 0x13410000)
   the space 10944K,  35% used [0x08960000, 0x08d34158, 0x08d34200, 0x09410000)
 compacting perm gen  total 12288K, used 10449K [0x13410000, 0x14010000, 0x17410000)
   the space 12288K,  85% used [0x13410000, 0x13e445d0, 0x13e44600, 0x14010000)
No shared spaces configured.
}

