<?xml version="1.0" encoding="UTF-8" ?>
<testsuite tests="21" failures="0" name="com.googlecode.blaisemath.graphics.core.GraphicCompositeTest" time="0.213" errors="0" skipped="0">
  <properties>
[...]
</properties>
  <testcase classname="com.googlecode.blaisemath.graphics.core.GraphicCompositeTest" name="testInitContextMenu" time="0.162"/>
  <testcase classname="com.googlecode.blaisemath.graphics.core.GraphicCompositeTest" name="testGraphicChanged" time="0"/>
  <testcase classname="com.googlecode.blaisemath.graphics.core.GraphicCompositeTest" name="testAddGraphics" time="0.003"/>
  <testcase classname="com.googlecode.blaisemath.graphics.core.GraphicCompositeTest" name="testVisibleEntriesInReverse" time="0.003"/>
  <testcase classname="com.googlecode.blaisemath.graphics.core.GraphicCompositeTest" name="testRemoveGraphic" time="0"/>
  <testcase classname="com.googlecode.blaisemath.graphics.core.GraphicCompositeTest" name="testGetTooltip" time="0.005"/>
  <testcase classname="com.googlecode.blaisemath.graphics.core.GraphicCompositeTest" name="testGetStyleContext" time="0"/>
  <testcase classname="com.googlecode.blaisemath.graphics.core.GraphicCompositeTest" name="testGraphicAt" time="0.004"/>
  <testcase classname="com.googlecode.blaisemath.graphics.core.GraphicCompositeTest" name="testContains" time="0.001"/>
  <testcase classname="com.googlecode.blaisemath.graphics.core.GraphicCompositeTest" name="testSetStyleContext" time="0"/>
  <testcase classname="com.googlecode.blaisemath.graphics.core.GraphicCompositeTest" name="testReplaceGraphics" time="0.002"/>
  <testcase classname="com.googlecode.blaisemath.graphics.core.GraphicCompositeTest" name="testVisibleEntries" time="0.005"/>
  <testcase classname="com.googlecode.blaisemath.graphics.core.GraphicCompositeTest" name="testMouseGraphicAt" time="0"/>
  <testcase classname="com.googlecode.blaisemath.graphics.core.GraphicCompositeTest" name="testClearGraphics" time="0"/>
  <testcase classname="com.googlecode.blaisemath.graphics.core.GraphicCompositeTest" name="testSetGraphics" time="0.001"/>
  <testcase classname="com.googlecode.blaisemath.graphics.core.GraphicCompositeTest" name="testAddGraphic" time="0.001"/>
  <testcase classname="com.googlecode.blaisemath.graphics.core.GraphicCompositeTest" name="testGetGraphics" time="0.008"/>
  <testcase classname="com.googlecode.blaisemath.graphics.core.GraphicCompositeTest" name="testRemoveGraphics" time="0.001"/>
  <testcase classname="com.googlecode.blaisemath.graphics.core.GraphicCompositeTest" name="testSelectableGraphicAt" time="0.001"/>
  <testcase classname="com.googlecode.blaisemath.graphics.core.GraphicCompositeTest" name="testSelectableGraphicsIn" time="0"/>
  <testcase classname="com.googlecode.blaisemath.graphics.core.GraphicCompositeTest" name="testIntersects" time="0.001"/>
</testsuite>