<?xml version="1.0" encoding="UTF-8" ?>
<testsuite errors="0" failures="1" hostname="elisha-PC" name="org.bm.blaise.scio.graph.metrics.ClosenessCentralityTest" tests="8" time="7.855" timestamp="2010-08-10T18:26:22">
  <properties>
[...]
</properties>
  <testcase classname="org.bm.blaise.scio.graph.metrics.ClosenessCentralityTest" name="testValue" time="0.038">
    <failure message="expected:&lt;0.07692307692307693&gt; but was:&lt;0.46153846153846156&gt;" type="junit.framework.AssertionFailedError">junit.framework.AssertionFailedError: expected:&lt;0.07692307692307693&gt; but was:&lt;0.46153846153846156&gt;
	at org.bm.blaise.scio.graph.metrics.ClosenessCentralityTest.testValue(ClosenessCentralityTest.java:54)
</failure>
  </testcase>
  <testcase classname="org.bm.blaise.scio.graph.metrics.ClosenessCentralityTest" name="testAllValues" time="0.019" />
  <testcase classname="org.bm.blaise.scio.graph.metrics.ClosenessCentralityTest" name="testToString" time="0.0020" />
  <testcase classname="org.bm.blaise.scio.graph.metrics.ClosenessCentralityTest" name="testGetInstance_getMaxInstance" time="0.0010" />
  <testcase classname="org.bm.blaise.scio.graph.metrics.ClosenessCentralityTest" name="testSupportsGraph" time="0.0030" />
  <testcase classname="org.bm.blaise.scio.graph.metrics.ClosenessCentralityTest" name="testNodeMax" time="0.0020" />
  <testcase classname="org.bm.blaise.scio.graph.metrics.ClosenessCentralityTest" name="testCentralMax" time="0.0020" />
  <testcase classname="org.bm.blaise.scio.graph.metrics.ClosenessCentralityTest" name="testProfile" time="7.023" />
  <system-out><![CDATA[-- ClosenessCentralityTest --
value
allValues
CC-all (7 nodes, 7 edges): 5ms
CC-all (7 nodes, 7 edges): 5ms
toString
getInstance/getMaxInstance
supportsGraph
nodeMax
centralMax
 (profile test) 
CC-all (200 nodes, 200 edges): 6974ms
]]></system-out>
  <system-err><![CDATA[]]></system-err>
</testsuite>
